<?xml version="1.0" encoding="UTF-8"?>
<!-- Generated by org.testng.reporters.JUnitReportReporter -->
<testsuite skipped="0" hostname="premalathas-MacBook-Air.local" name="runner.Runner" tests="1" failures="0" timestamp="30 Oct 2019 12:40:36 GMT" time="19.185" errors="0">
  <testcase name="feature" time="19.185" classname="runner.Runner"/>
</testsuite> <!-- runner.Runner -->
